[2025-08-11 17:28:17,612 ] 1026 httpx-  INFO - HTTP Request: GET https://dagshub.com/api/v1/user "HTTP/1.1 200 OK"
[2025-08-11 17:28:17,630 ] 107 dagshub-  INFO - Accessing as NikhilYadavCoder
[2025-08-11 17:28:18,652 ] 1026 httpx-  INFO - HTTP Request: GET https://dagshub.com/api/v1/repos/NikhilYadavCoder/network_security "HTTP/1.1 200 OK"
[2025-08-11 17:28:19,611 ] 1026 httpx-  INFO - HTTP Request: GET https://dagshub.com/api/v1/user "HTTP/1.1 200 OK"
[2025-08-11 17:28:19,615 ] 107 dagshub-  INFO - Initialized MLflow to track repo "NikhilYadavCoder/network_security"
[2025-08-11 17:28:19,618 ] 107 dagshub-  INFO - Repository NikhilYadavCoder/network_security initialized!
[2025-08-11 17:28:39,120 ] 33 root-  INFO - start Data Ingestion
[2025-08-11 17:28:43,521 ] 58 root-  INFO - Performed train test split on the dataframe
[2025-08-11 17:28:43,522 ] 60 root-  INFO - Exited split_data_as_train_test method of Data_Ingestion class
[2025-08-11 17:28:43,522 ] 68 root-  INFO - Exporting train and test file path.
[2025-08-11 17:28:43,566 ] 77 root-  INFO - Exported train and test file path.
[2025-08-11 17:28:43,566 ] 36 root-  INFO - Data Ingestion completed
[2025-08-11 17:28:43,591 ] 46 root-  INFO - Initiate data validation
[2025-08-11 17:28:43,678 ] 30 root-  INFO - Required number of columns:2
[2025-08-11 17:28:43,678 ] 31 root-  INFO - Data frame hash columns:31
[2025-08-11 17:28:43,678 ] 30 root-  INFO - Required number of columns:2
[2025-08-11 17:28:43,678 ] 31 root-  INFO - Data frame hash columns:31
[2025-08-11 17:28:43,809 ] 55 root-  INFO - Entered initiate_data_transformation method of DataTransformation class
[2025-08-11 17:28:43,809 ] 57 root-  INFO - starting data transformation
[2025-08-11 17:28:43,831 ] 40 root-  INFO - Entered get_data_transformer_object method of transformation class
[2025-08-11 17:28:43,831 ] 45 root-  INFO - Initialise KNNImputer with {'missing_values': nan, 'n_neighbors': 3, 'weights': 'uniform'}
[2025-08-11 17:28:43,841 ] 47 root-  INFO - Entered the save_object method of MainUtils class
[2025-08-11 17:28:43,844 ] 51 root-  INFO - Exited the save_object method of MainUtils class
[2025-08-11 17:28:43,844 ] 47 root-  INFO - Entered the save_object method of MainUtils class
[2025-08-11 17:28:43,846 ] 51 root-  INFO - Exited the save_object method of MainUtils class
[2025-08-11 17:34:29,455 ] 47 root-  INFO - Entered the save_object method of MainUtils class
[2025-08-11 17:34:29,455 ] 51 root-  INFO - Exited the save_object method of MainUtils class
[2025-08-11 17:34:29,455 ] 47 root-  INFO - Entered the save_object method of MainUtils class
[2025-08-11 17:34:29,460 ] 51 root-  INFO - Exited the save_object method of MainUtils class
[2025-08-11 17:34:29,461 ] 300 root-  INFO - Model trainer artifact: ModelTrainerArtifact(trained_model_file_path='Artifacts\\08_11_2025_17_28_02\\model_trainer\\trained_model\\model.pkl', train_metric_artifact=ClassificationMetricArtifact(f1_score=0.9912271856408188, precision_score=0.9887346610339972, recall_score=0.9937323089365143), test_metric_artifact=ClassificationMetricArtifact(f1_score=0.9765913757700205, precision_score=0.9714052287581699, recall_score=0.9818331957060281))
